Flutter crash report.
Please report a bug at https://github.com/flutter/flutter/issues.

## command

flutter run --machine --start-paused -d emulator-5554 --devtools-server-address http://127.0.0.1:9100/ --target lib\main.dart

## exception

HttpException: HttpException: Connection closed before full header was received, uri = http://127.0.0.1:61718/NJORSldgN9A=/ws

```
```

## flutter doctor

```
[✓] Flutter (Channel stable, 3.10.0, on Microsoft Windows [versÆo 10.0.19045.2846], locale pt-BR)
    • Flutter version 3.10.0 on channel stable at C:\flutter
    • Upstream repository https://github.com/flutter/flutter.git
    • Framework revision 84a1e904f4 (9 days ago), 2023-05-09 07:41:44 -0700
    • Engine revision d44b5a94c9
    • Dart version 3.0.0
    • DevTools version 2.23.1

[✓] Windows Version (Installed version of Windows is version 10 or higher)

[✓] Android toolchain - develop for Android devices (Android SDK version 30.0.3)
    • Android SDK at C:\Users\tiago\AppData\Local\Android\sdk
    • Platform android-33, build-tools 30.0.3
    • Java binary at: C:\Program Files\Android\Android Studio\jbr\bin\java
    • Java version OpenJDK Runtime Environment (build 11.0.15+0-b2043.56-9505619)
    • All Android licenses accepted.

[✓] Chrome - develop for the web
    • Chrome at C:\Program Files\Google\Chrome\Application\chrome.exe

[✗] Visual Studio - develop for Windows
    ✗ Visual Studio not installed; this is necessary for Windows development.
      Download at https://visualstudio.microsoft.com/downloads/.
      Please install the "Desktop development with C++" workload, including all of its default components

[✓] Android Studio (version 2022.1)
    • Android Studio at C:\Program Files\Android\Android Studio
    • Flutter plugin can be installed from:
      🔨 https://plugins.jetbrains.com/plugin/9212-flutter
    • Dart plugin can be installed from:
      🔨 https://plugins.jetbrains.com/plugin/6351-dart
    • Java version OpenJDK Runtime Environment (build 11.0.15+0-b2043.56-9505619)

[✓] VS Code (version 1.78.2)
    • VS Code at C:\Users\tiago\AppData\Local\Programs\Microsoft VS Code
    • Flutter extension version 3.62.0

[✓] Connected device (4 available)
    • sdk gphone64 x86 64 (mobile) • emulator-5554 • android-x64    • Android 13 (API 33) (emulator)
    • Windows (desktop)            • windows       • windows-x64    • Microsoft Windows [versÆo 10.0.19045.2846]
    • Chrome (web)                 • chrome        • web-javascript • Google Chrome 112.0.5615.138
    • Edge (web)                   • edge          • web-javascript • Microsoft Edge 113.0.1774.35

[✓] Network resources
    • All expected network resources are available.

! Doctor found issues in 1 category.
```
